{"numTotalTestSuites":17,"numPassedTestSuites":9,"numFailedTestSuites":8,"numPendingTestSuites":0,"numTotalTests":36,"numPassedTests":32,"numFailedTests":4,"numPendingTests":0,"numTodoTests":0,"snapshot":{"added":0,"failure":false,"filesAdded":0,"filesRemoved":0,"filesRemovedList":[],"filesUnmatched":0,"filesUpdated":0,"matched":0,"total":0,"unchecked":0,"uncheckedKeysByFile":[],"unmatched":0,"updated":0,"didUpdate":false},"startTime":1761299302782,"success":false,"testResults":[{"assertionResults":[{"ancestorTitles":["Unified Validation Service","LocationValidator","validateCoordinates"],"fullName":"Unified Validation Service LocationValidator validateCoordinates should validate valid coordinates","status":"passed","title":"should validate valid coordinates","duration":5.152299999259412,"failureMessages":[],"location":{"line":36,"column":7},"meta":{}},{"ancestorTitles":["Unified Validation Service","LocationValidator","validateCoordinates"],"fullName":"Unified Validation Service LocationValidator validateCoordinates should validate coordinates without radius","status":"passed","title":"should validate coordinates without radius","duration":1.1084000002592802,"failureMessages":[],"location":{"line":47,"column":7},"meta":{}},{"ancestorTitles":["Unified Validation Service","LocationValidator","validateCoordinates"],"fullName":"Unified Validation Service LocationValidator validateCoordinates should reject invalid latitude","status":"passed","title":"should reject invalid latitude","duration":1.6377999996766448,"failureMessages":[],"location":{"line":58,"column":7},"meta":{}},{"ancestorTitles":["Unified Validation Service","LocationValidator","validateCoordinates"],"fullName":"Unified Validation Service LocationValidator validateCoordinates should reject invalid longitude","status":"passed","title":"should reject invalid longitude","duration":0.7642000000923872,"failureMessages":[],"location":{"line":65,"column":7},"meta":{}},{"ancestorTitles":["Unified Validation Service","LocationValidator","validateCoordinates"],"fullName":"Unified Validation Service LocationValidator validateCoordinates should reject invalid radius","status":"passed","title":"should reject invalid radius","duration":1.0860999999567866,"failureMessages":[],"location":{"line":72,"column":7},"meta":{}},{"ancestorTitles":["Unified Validation Service","LocationValidator","validateCoordinates"],"fullName":"Unified Validation Service LocationValidator validateCoordinates should reject missing coordinates","status":"passed","title":"should reject missing coordinates","duration":1.1286000004038215,"failureMessages":[],"location":{"line":79,"column":7},"meta":{}},{"ancestorTitles":["Unified Validation Service","LocationValidator","validateState"],"fullName":"Unified Validation Service LocationValidator validateState should validate valid US states","status":"passed","title":"should validate valid US states","duration":3.169600000604987,"failureMessages":[],"location":{"line":88,"column":7},"meta":{}},{"ancestorTitles":["Unified Validation Service","LocationValidator","validateState"],"fullName":"Unified Validation Service LocationValidator validateState should validate case-insensitive states","status":"passed","title":"should validate case-insensitive states","duration":0.5075000002980232,"failureMessages":[],"location":{"line":98,"column":7},"meta":{}},{"ancestorTitles":["Unified Validation Service","LocationValidator","validateState"],"fullName":"Unified Validation Service LocationValidator validateState should reject invalid states","status":"failed","title":"should reject invalid states","duration":10.564899999648333,"failureMessages":["AssertionError: expected 'State must be 2 characters' to contain 'Invalid US state abbreviation'\n    at C:\\wamp64\\www\\shop-shop\\apps\\web\\src\\utils\\validation\\__tests__\\unified.test.ts:110:32\n    at Array.forEach (<anonymous>)\n    at C:\\wamp64\\www\\shop-shop\\apps\\web\\src\\utils\\validation\\__tests__\\unified.test.ts:107:23\n    at file:///C:/wamp64/www/shop-shop/node_modules/.pnpm/@vitest+runner@2.1.9/node_modules/@vitest/runner/dist/index.js:146:14\n    at file:///C:/wamp64/www/shop-shop/node_modules/.pnpm/@vitest+runner@2.1.9/node_modules/@vitest/runner/dist/index.js:533:11\n    at runWithTimeout (file:///C:/wamp64/www/shop-shop/node_modules/.pnpm/@vitest+runner@2.1.9/node_modules/@vitest/runner/dist/index.js:39:7)\n    at runTest (file:///C:/wamp64/www/shop-shop/node_modules/.pnpm/@vitest+runner@2.1.9/node_modules/@vitest/runner/dist/index.js:1056:17)\n    at runSuite (file:///C:/wamp64/www/shop-shop/node_modules/.pnpm/@vitest+runner@2.1.9/node_modules/@vitest/runner/dist/index.js:1205:15)\n    at runSuite (file:///C:/wamp64/www/shop-shop/node_modules/.pnpm/@vitest+runner@2.1.9/node_modules/@vitest/runner/dist/index.js:1205:15)\n    at runSuite (file:///C:/wamp64/www/shop-shop/node_modules/.pnpm/@vitest+runner@2.1.9/node_modules/@vitest/runner/dist/index.js:1205:15)"],"location":{"line":104,"column":7},"meta":{}},{"ancestorTitles":["Unified Validation Service","LocationValidator","validateState"],"fullName":"Unified Validation Service LocationValidator validateState should handle undefined state","status":"passed","title":"should handle undefined state","duration":0.5606000004336238,"failureMessages":[],"location":{"line":114,"column":7},"meta":{}},{"ancestorTitles":["Unified Validation Service","LocationValidator","validateZipCode"],"fullName":"Unified Validation Service LocationValidator validateZipCode should validate valid ZIP codes","status":"passed","title":"should validate valid ZIP codes","duration":1.061599999666214,"failureMessages":[],"location":{"line":122,"column":7},"meta":{}},{"ancestorTitles":["Unified Validation Service","LocationValidator","validateZipCode"],"fullName":"Unified Validation Service LocationValidator validateZipCode should reject invalid ZIP codes","status":"passed","title":"should reject invalid ZIP codes","duration":2.0337999993935227,"failureMessages":[],"location":{"line":132,"column":7},"meta":{}},{"ancestorTitles":["Unified Validation Service","LocationValidator","validateZipCode"],"fullName":"Unified Validation Service LocationValidator validateZipCode should handle undefined ZIP","status":"passed","title":"should handle undefined ZIP","duration":0.3931999998167157,"failureMessages":[],"location":{"line":142,"column":7},"meta":{}},{"ancestorTitles":["Unified Validation Service","LocationValidator","sanitizeCityName"],"fullName":"Unified Validation Service LocationValidator sanitizeCityName should sanitize valid city names","status":"passed","title":"should sanitize valid city names","duration":0.9868000000715256,"failureMessages":[],"location":{"line":150,"column":7},"meta":{}},{"ancestorTitles":["Unified Validation Service","LocationValidator","sanitizeCityName"],"fullName":"Unified Validation Service LocationValidator sanitizeCityName should reject city names with HTML tags","status":"passed","title":"should reject city names with HTML tags","duration":1.00829999987036,"failureMessages":[],"location":{"line":160,"column":7},"meta":{}},{"ancestorTitles":["Unified Validation Service","LocationValidator","sanitizeCityName"],"fullName":"Unified Validation Service LocationValidator sanitizeCityName should reject city names with invalid characters","status":"passed","title":"should reject city names with invalid characters","duration":0.7949000000953674,"failureMessages":[],"location":{"line":174,"column":7},"meta":{}},{"ancestorTitles":["Unified Validation Service","LocationValidator","sanitizeCityName"],"fullName":"Unified Validation Service LocationValidator sanitizeCityName should handle undefined city","status":"passed","title":"should handle undefined city","duration":0.35309999994933605,"failureMessages":[],"location":{"line":184,"column":7},"meta":{}},{"ancestorTitles":["Unified Validation Service","FormValidator","validateEmail"],"fullName":"Unified Validation Service FormValidator validateEmail should validate valid emails","status":"passed","title":"should validate valid emails","duration":1.6076000006869435,"failureMessages":[],"location":{"line":198,"column":7},"meta":{}},{"ancestorTitles":["Unified Validation Service","FormValidator","validateEmail"],"fullName":"Unified Validation Service FormValidator validateEmail should reject invalid emails","status":"passed","title":"should reject invalid emails","duration":1.2921000001952052,"failureMessages":[],"location":{"line":212,"column":7},"meta":{}},{"ancestorTitles":["Unified Validation Service","FormValidator","validatePassword"],"fullName":"Unified Validation Service FormValidator validatePassword should validate valid passwords","status":"passed","title":"should validate valid passwords","duration":0.7214000001549721,"failureMessages":[],"location":{"line":229,"column":7},"meta":{}},{"ancestorTitles":["Unified Validation Service","FormValidator","validatePassword"],"fullName":"Unified Validation Service FormValidator validatePassword should reject short passwords","status":"passed","title":"should reject short passwords","duration":0.7620000001043081,"failureMessages":[],"location":{"line":243,"column":7},"meta":{}},{"ancestorTitles":["Unified Validation Service","FormValidator","validatePhone"],"fullName":"Unified Validation Service FormValidator validatePhone should validate valid phone numbers","status":"passed","title":"should validate valid phone numbers","duration":1.5184000004082918,"failureMessages":[],"location":{"line":255,"column":7},"meta":{}},{"ancestorTitles":["Unified Validation Service","FormValidator","validatePhone"],"fullName":"Unified Validation Service FormValidator validatePhone should reject invalid phone numbers","status":"failed","title":"should reject invalid phone numbers","duration":4.111399999819696,"failureMessages":["AssertionError: expected true to be false // Object.is equality\n    at C:\\wamp64\\www\\shop-shop\\apps\\web\\src\\utils\\validation\\__tests__\\unified.test.ts:274:32\n    at Array.forEach (<anonymous>)\n    at C:\\wamp64\\www\\shop-shop\\apps\\web\\src\\utils\\validation\\__tests__\\unified.test.ts:272:23\n    at file:///C:/wamp64/www/shop-shop/node_modules/.pnpm/@vitest+runner@2.1.9/node_modules/@vitest/runner/dist/index.js:146:14\n    at file:///C:/wamp64/www/shop-shop/node_modules/.pnpm/@vitest+runner@2.1.9/node_modules/@vitest/runner/dist/index.js:533:11\n    at runWithTimeout (file:///C:/wamp64/www/shop-shop/node_modules/.pnpm/@vitest+runner@2.1.9/node_modules/@vitest/runner/dist/index.js:39:7)\n    at runTest (file:///C:/wamp64/www/shop-shop/node_modules/.pnpm/@vitest+runner@2.1.9/node_modules/@vitest/runner/dist/index.js:1056:17)\n    at runSuite (file:///C:/wamp64/www/shop-shop/node_modules/.pnpm/@vitest+runner@2.1.9/node_modules/@vitest/runner/dist/index.js:1205:15)\n    at runSuite (file:///C:/wamp64/www/shop-shop/node_modules/.pnpm/@vitest+runner@2.1.9/node_modules/@vitest/runner/dist/index.js:1205:15)\n    at runSuite (file:///C:/wamp64/www/shop-shop/node_modules/.pnpm/@vitest+runner@2.1.9/node_modules/@vitest/runner/dist/index.js:1205:15)"],"location":{"line":269,"column":7},"meta":{}},{"ancestorTitles":["Unified Validation Service","UnifiedValidationService","validateLocationParams"],"fullName":"Unified Validation Service UnifiedValidationService validateLocationParams should validate complete location parameters","status":"passed","title":"should validate complete location parameters","duration":1.7137000001966953,"failureMessages":[],"location":{"line":286,"column":7},"meta":{}},{"ancestorTitles":["Unified Validation Service","UnifiedValidationService","validateLocationParams"],"fullName":"Unified Validation Service UnifiedValidationService validateLocationParams should validate coordinates only","status":"passed","title":"should validate coordinates only","duration":1.276300000026822,"failureMessages":[],"location":{"line":307,"column":7},"meta":{}},{"ancestorTitles":["Unified Validation Service","UnifiedValidationService","validateLocationParams"],"fullName":"Unified Validation Service UnifiedValidationService validateLocationParams should validate city/state only","status":"passed","title":"should validate city/state only","duration":0.7352999998256564,"failureMessages":[],"location":{"line":321,"column":7},"meta":{}},{"ancestorTitles":["Unified Validation Service","UnifiedValidationService","validateLocationParams"],"fullName":"Unified Validation Service UnifiedValidationService validateLocationParams should reject invalid parameters","status":"passed","title":"should reject invalid parameters","duration":0.5872999997809529,"failureMessages":[],"location":{"line":335,"column":7},"meta":{}},{"ancestorTitles":["Unified Validation Service","UnifiedValidationService","validateLocationParams"],"fullName":"Unified Validation Service UnifiedValidationService validateLocationParams should reject empty parameters","status":"passed","title":"should reject empty parameters","duration":0.45610000006854534,"failureMessages":[],"location":{"line":349,"column":7},"meta":{}},{"ancestorTitles":["Unified Validation Service","UnifiedValidationService","validateFormData"],"fullName":"Unified Validation Service UnifiedValidationService validateFormData should validate form data with schema","status":"failed","title":"should validate form data with schema","duration":0.6881999997422099,"failureMessages":["ReferenceError: z is not defined\n    at C:\\wamp64\\www\\shop-shop\\apps\\web\\src\\utils\\validation\\__tests__\\unified.test.ts:361:24\n    at file:///C:/wamp64/www/shop-shop/node_modules/.pnpm/@vitest+runner@2.1.9/node_modules/@vitest/runner/dist/index.js:146:14\n    at file:///C:/wamp64/www/shop-shop/node_modules/.pnpm/@vitest+runner@2.1.9/node_modules/@vitest/runner/dist/index.js:533:11\n    at runWithTimeout (file:///C:/wamp64/www/shop-shop/node_modules/.pnpm/@vitest+runner@2.1.9/node_modules/@vitest/runner/dist/index.js:39:7)\n    at runTest (file:///C:/wamp64/www/shop-shop/node_modules/.pnpm/@vitest+runner@2.1.9/node_modules/@vitest/runner/dist/index.js:1056:17)\n    at runSuite (file:///C:/wamp64/www/shop-shop/node_modules/.pnpm/@vitest+runner@2.1.9/node_modules/@vitest/runner/dist/index.js:1205:15)\n    at runSuite (file:///C:/wamp64/www/shop-shop/node_modules/.pnpm/@vitest+runner@2.1.9/node_modules/@vitest/runner/dist/index.js:1205:15)\n    at runSuite (file:///C:/wamp64/www/shop-shop/node_modules/.pnpm/@vitest+runner@2.1.9/node_modules/@vitest/runner/dist/index.js:1205:15)\n    at runSuite (file:///C:/wamp64/www/shop-shop/node_modules/.pnpm/@vitest+runner@2.1.9/node_modules/@vitest/runner/dist/index.js:1205:15)\n    at runFiles (file:///C:/wamp64/www/shop-shop/node_modules/.pnpm/@vitest+runner@2.1.9/node_modules/@vitest/runner/dist/index.js:1262:5)"],"location":{"line":360,"column":7},"meta":{}},{"ancestorTitles":["Unified Validation Service","UnifiedValidationService","validateFormData"],"fullName":"Unified Validation Service UnifiedValidationService validateFormData should reject invalid form data","status":"failed","title":"should reject invalid form data","duration":1.013000000268221,"failureMessages":["ReferenceError: z is not defined\n    at C:\\wamp64\\www\\shop-shop\\apps\\web\\src\\utils\\validation\\__tests__\\unified.test.ts:380:24\n    at file:///C:/wamp64/www/shop-shop/node_modules/.pnpm/@vitest+runner@2.1.9/node_modules/@vitest/runner/dist/index.js:146:14\n    at file:///C:/wamp64/www/shop-shop/node_modules/.pnpm/@vitest+runner@2.1.9/node_modules/@vitest/runner/dist/index.js:533:11\n    at runWithTimeout (file:///C:/wamp64/www/shop-shop/node_modules/.pnpm/@vitest+runner@2.1.9/node_modules/@vitest/runner/dist/index.js:39:7)\n    at runTest (file:///C:/wamp64/www/shop-shop/node_modules/.pnpm/@vitest+runner@2.1.9/node_modules/@vitest/runner/dist/index.js:1056:17)\n    at runSuite (file:///C:/wamp64/www/shop-shop/node_modules/.pnpm/@vitest+runner@2.1.9/node_modules/@vitest/runner/dist/index.js:1205:15)\n    at runSuite (file:///C:/wamp64/www/shop-shop/node_modules/.pnpm/@vitest+runner@2.1.9/node_modules/@vitest/runner/dist/index.js:1205:15)\n    at runSuite (file:///C:/wamp64/www/shop-shop/node_modules/.pnpm/@vitest+runner@2.1.9/node_modules/@vitest/runner/dist/index.js:1205:15)\n    at runSuite (file:///C:/wamp64/www/shop-shop/node_modules/.pnpm/@vitest+runner@2.1.9/node_modules/@vitest/runner/dist/index.js:1205:15)\n    at runFiles (file:///C:/wamp64/www/shop-shop/node_modules/.pnpm/@vitest+runner@2.1.9/node_modules/@vitest/runner/dist/index.js:1262:5)"],"location":{"line":379,"column":7},"meta":{}},{"ancestorTitles":["Unified Validation Service","UnifiedValidationService","metrics and monitoring"],"fullName":"Unified Validation Service UnifiedValidationService metrics and monitoring should track validation metrics","status":"passed","title":"should track validation metrics","duration":0.7426999993622303,"failureMessages":[],"location":{"line":399,"column":7},"meta":{}},{"ancestorTitles":["Unified Validation Service","UnifiedValidationService","metrics and monitoring"],"fullName":"Unified Validation Service UnifiedValidationService metrics and monitoring should reset metrics","status":"passed","title":"should reset metrics","duration":0.42109999991953373,"failureMessages":[],"location":{"line":412,"column":7},"meta":{}},{"ancestorTitles":["Unified Validation Service","Performance"],"fullName":"Unified Validation Service Performance should validate coordinates quickly","status":"passed","title":"should validate coordinates quickly","duration":1.0020000003278255,"failureMessages":[],"location":{"line":433,"column":5},"meta":{}},{"ancestorTitles":["Unified Validation Service","Performance"],"fullName":"Unified Validation Service Performance should handle concurrent validations","status":"passed","title":"should handle concurrent validations","duration":2.9313000002875924,"failureMessages":[],"location":{"line":447,"column":5},"meta":{}},{"ancestorTitles":["Unified Validation Service","Error Handling"],"fullName":"Unified Validation Service Error Handling should handle validation errors gracefully","status":"passed","title":"should handle validation errors gracefully","duration":0.9310000007972121,"failureMessages":[],"location":{"line":466,"column":5},"meta":{}},{"ancestorTitles":["Unified Validation Service","Error Handling"],"fullName":"Unified Validation Service Error Handling should handle unexpected errors","status":"passed","title":"should handle unexpected errors","duration":0.9255000008270144,"failureMessages":[],"location":{"line":474,"column":5},"meta":{}}],"startTime":1761304725796,"endTime":1761304725855.9255,"status":"failed","message":"","name":"C:/wamp64/www/shop-shop/apps/web/src/utils/validation/__tests__/unified.test.ts"}]}